Using pre-set license
Built from '2022.3/staging' branch; Version is '2022.3.58f1 (ed7f6eacb62e) revision 15564654'; Using compiler version '192829333'; Build Type 'Release'
OS: 'Windows 11  (10.0.26100) 64bit Professional' Language: 'ru' Physical Memory: 16091 MB
BatchMode: 1, IsHumanControllingUs: 0, StartBugReporterOnCrash: 0, Is64bit: 1, IsPro: 1

COMMAND LINE ARGUMENTS:
C:\Program Files\Unity\Hub\Editor\Editor\2022.3.58f1\Editor\Unity.exe
-adb2
-batchMode
-noUpm
-name
AssetImportWorker1
-projectPath
C:/Users/Andrey/Desktop/GIT/Lumber2/Lumber2
-logFile
Logs/AssetImportWorker1.log
-srvPort
61559
Successfully changed project path to: C:/Users/Andrey/Desktop/GIT/Lumber2/Lumber2
C:/Users/Andrey/Desktop/GIT/Lumber2/Lumber2
[UnityMemory] Configuration Parameters - Can be set up in boot.config
    "memorysetup-bucket-allocator-granularity=16"
    "memorysetup-bucket-allocator-bucket-count=8"
    "memorysetup-bucket-allocator-block-size=33554432"
    "memorysetup-bucket-allocator-block-count=8"
    "memorysetup-main-allocator-block-size=16777216"
    "memorysetup-thread-allocator-block-size=16777216"
    "memorysetup-gfx-main-allocator-block-size=16777216"
    "memorysetup-gfx-thread-allocator-block-size=16777216"
    "memorysetup-cache-allocator-block-size=4194304"
    "memorysetup-typetree-allocator-block-size=2097152"
    "memorysetup-profiler-bucket-allocator-granularity=16"
    "memorysetup-profiler-bucket-allocator-bucket-count=8"
    "memorysetup-profiler-bucket-allocator-block-size=33554432"
    "memorysetup-profiler-bucket-allocator-block-count=8"
    "memorysetup-profiler-allocator-block-size=16777216"
    "memorysetup-profiler-editor-allocator-block-size=1048576"
    "memorysetup-temp-allocator-size-main=16777216"
    "memorysetup-job-temp-allocator-block-size=2097152"
    "memorysetup-job-temp-allocator-block-size-background=1048576"
    "memorysetup-job-temp-allocator-reduction-small-platforms=262144"
    "memorysetup-allocator-temp-initial-block-size-main=262144"
    "memorysetup-allocator-temp-initial-block-size-worker=262144"
    "memorysetup-temp-allocator-size-background-worker=32768"
    "memorysetup-temp-allocator-size-job-worker=262144"
    "memorysetup-temp-allocator-size-preload-manager=33554432"
    "memorysetup-temp-allocator-size-nav-mesh-worker=65536"
    "memorysetup-temp-allocator-size-audio-worker=65536"
    "memorysetup-temp-allocator-size-cloud-worker=32768"
    "memorysetup-temp-allocator-size-gi-baking-worker=262144"
    "memorysetup-temp-allocator-size-gfx=262144"
Player connection [6392]  Target information:

Player connection [6392]  * "[IP] 192.168.100.135 [Port] 0 [Flags] 2 [Guid] 2980275146 [EditorId] 2980275146 [Version] 1048832 [Id] WindowsEditor(7,DESKTOP-CA91C3D) [Debug] 1 [PackageName] WindowsEditor [ProjectName] Editor" 

Player connection [6392] Host joined multi-casting on [225.0.0.222:54997]...
Player connection [6392] Host joined alternative multi-casting on [225.0.0.222:34997]...
Input System module state changed to: Initialized.
[PhysX] Initialized MultithreadedTaskDispatcher with 12 workers.
Refreshing native plugins compatible for Editor in 12.33 ms, found 3 plugins.
Preloading 0 native plugins for Editor in 0.00 ms.
Initialize engine version: 2022.3.58f1 (ed7f6eacb62e)
[Subsystems] Discovering subsystems at path C:/Program Files/Unity/Hub/Editor/Editor/2022.3.58f1/Editor/Data/Resources/UnitySubsystems
[Subsystems] Discovering subsystems at path C:/Users/Andrey/Desktop/GIT/Lumber2/Lumber2/Assets
GfxDevice: creating device client; threaded=0; jobified=0
Direct3D:
    Version:  Direct3D 11.0 [level 11.1]
    Renderer: NVIDIA GeForce RTX 4050 Laptop GPU (ID=0x28e1)
    Vendor:   NVIDIA
    VRAM:     5921 MB
    Driver:   32.0.15.6650
Initialize mono
Mono path[0] = 'C:/Program Files/Unity/Hub/Editor/Editor/2022.3.58f1/Editor/Data/Managed'
Mono path[1] = 'C:/Program Files/Unity/Hub/Editor/Editor/2022.3.58f1/Editor/Data/MonoBleedingEdge/lib/mono/unityjit-win32'
Mono config path = 'C:/Program Files/Unity/Hub/Editor/Editor/2022.3.58f1/Editor/Data/MonoBleedingEdge/etc'
Using monoOptions --debugger-agent=transport=dt_socket,embedding=1,server=y,suspend=n,address=127.0.0.1:56420
Begin MonoManager ReloadAssembly
Registering precompiled unity dll's ...
Register platform support module: C:/Program Files/Unity/Hub/Editor/Editor/2022.3.58f1/Editor/Data/PlaybackEngines/WebGLSupport/UnityEditor.WebGL.Extensions.dll
Register platform support module: C:/Program Files/Unity/Hub/Editor/Editor/2022.3.58f1/Editor/Data/PlaybackEngines/AndroidPlayer/UnityEditor.Android.Extensions.dll
Register platform support module: C:/Program Files/Unity/Hub/Editor/Editor/2022.3.58f1/Editor/Data/PlaybackEngines/WindowsStandaloneSupport/UnityEditor.WindowsStandalone.Extensions.dll
Registered in 0.008161 seconds.
- Loaded All Assemblies, in  0.380 seconds
Native extension for WindowsStandalone target not found
Native extension for Android target not found
Android Extension - Scanning For ADB Devices 263 ms
Native extension for WebGL target not found
Mono: successfully reloaded assembly
- Finished resetting the current domain, in  0.585 seconds
Domain Reload Profiling: 964ms
	BeginReloadAssembly (108ms)
		ExecutionOrderSort (0ms)
		DisableScriptedObjects (0ms)
		BackupInstance (0ms)
		ReleaseScriptingObjects (0ms)
		CreateAndSetChildDomain (1ms)
	RebuildCommonClasses (36ms)
	RebuildNativeTypeToScriptingClass (11ms)
	initialDomainReloadingComplete (58ms)
	LoadAllAssembliesAndSetupDomain (167ms)
		LoadAssemblies (107ms)
		RebuildTransferFunctionScriptingTraits (0ms)
		AnalyzeDomain (164ms)
			TypeCache.Refresh (163ms)
				TypeCache.ScanAssembly (149ms)
			ScanForSourceGeneratedMonoScriptInfo (0ms)
			ResolveRequiredComponents (0ms)
	FinalizeReload (585ms)
		ReleaseScriptCaches (0ms)
		RebuildScriptCaches (0ms)
		SetupLoadedEditorAssemblies (540ms)
			LogAssemblyErrors (0ms)
			InitializePlatformSupportModulesInManaged (346ms)
			SetLoadedEditorAssemblies (6ms)
			RefreshPlugins (0ms)
			BeforeProcessingInitializeOnLoad (3ms)
			ProcessInitializeOnLoadAttributes (133ms)
			ProcessInitializeOnLoadMethodAttributes (52ms)
			AfterProcessingInitializeOnLoad (0ms)
			EditorAssembliesLoaded (0ms)
		ExecutionOrderSort2 (0ms)
		AwakeInstancesAfterBackupRestoration (0ms)
========================================================================
Worker process is ready to serve import requests
Caller must complete domain reload
Begin MonoManager ReloadAssembly
- Loaded All Assemblies, in  0.658 seconds
Native extension for WindowsStandalone target not found
Native extension for Android target not found
Native extension for WebGL target not found
Package Manager log level set to [2]
[Package Manager] Server::EnsureServerProcessIsRunning -- launch failed, reason: Unity was launched with the -noUpm command-line argument
[Package Manager] UpmClient::Send -- Unable to send message (not connected to UPM process).
[Package Manager] Cannot connect to Unity Package Manager local server
Failed to sync packages list
UnityEngine.StackTraceUtility:ExtractStackTrace ()
UnityEngine.DebugLogHandler:LogFormat (UnityEngine.LogType,UnityEngine.Object,string,object[])
UnityEngine.Logger:Log (UnityEngine.LogType,object)
UnityEngine.Debug:LogWarning (object)
 .  / :MoveNext ()
System.Runtime.CompilerServices.AsyncVoidMethodBuilder:Start< .  / > ( .  / &)
 .  :  ()
 .⁪/ :MoveNext ()
System.Runtime.CompilerServices.AsyncTaskMethodBuilder:Start< .⁪/ > ( .⁪/ &)
 .⁪:  ()
System.Reflection.RuntimeMethodInfo:Invoke (object,System.Reflection.BindingFlags,System.Reflection.Binder,object[],System.Globalization.CultureInfo)
System.Reflection.MethodBase:Invoke (object,object[])
UnityEditor.EditorAssemblies:ProcessInitializeOnLoadMethodAttributes ()

Mono: successfully reloaded assembly
- Finished resetting the current domain, in  0.749 seconds
Domain Reload Profiling: 1405ms
	BeginReloadAssembly (151ms)
		ExecutionOrderSort (0ms)
		DisableScriptedObjects (6ms)
		BackupInstance (0ms)
		ReleaseScriptingObjects (0ms)
		CreateAndSetChildDomain (22ms)
	RebuildCommonClasses (36ms)
	RebuildNativeTypeToScriptingClass (11ms)
	initialDomainReloadingComplete (42ms)
	LoadAllAssembliesAndSetupDomain (416ms)
		LoadAssemblies (298ms)
		RebuildTransferFunctionScriptingTraits (0ms)
		AnalyzeDomain (203ms)
			TypeCache.Refresh (180ms)
				TypeCache.ScanAssembly (164ms)
			ScanForSourceGeneratedMonoScriptInfo (15ms)
			ResolveRequiredComponents (5ms)
	FinalizeReload (750ms)
		ReleaseScriptCaches (0ms)
		RebuildScriptCaches (0ms)
		SetupLoadedEditorAssemblies (599ms)
			LogAssemblyErrors (0ms)
			InitializePlatformSupportModulesInManaged (17ms)
			SetLoadedEditorAssemblies (4ms)
			RefreshPlugins (0ms)
			BeforeProcessingInitializeOnLoad (63ms)
			ProcessInitializeOnLoadAttributes (457ms)
			ProcessInitializeOnLoadMethodAttributes (52ms)
			AfterProcessingInitializeOnLoad (5ms)
			EditorAssembliesLoaded (0ms)
		ExecutionOrderSort2 (0ms)
		AwakeInstancesAfterBackupRestoration (7ms)
Launched and connected shader compiler UnityShaderCompiler.exe after 0.04 seconds
Refreshing native plugins compatible for Editor in 2.81 ms, found 3 plugins.
Preloading 0 native plugins for Editor in 0.00 ms.
Unloading 3203 Unused Serialized files (Serialized files now loaded: 0)
Unloading 25 unused Assets / (116.1 KB). Loaded Objects now: 3700.
Memory consumption went from 127.2 MB to 127.1 MB.
Total: 3.720100 ms (FindLiveObjects: 0.204600 ms CreateObjectMapping: 0.078500 ms MarkObjects: 3.315300 ms  DeleteObjects: 0.120600 ms)

AssetImportParameters requested are different than current active one (requested -> active):
  custom:container-demuxer-ogg: 62fdf1f143b41e24485cea50d1cbac27 -> 
  custom:video-codec-MediaFoundation-h265: 746d11721c4dcdbdad8f713fa42b33f4 -> 
  custom:video-decoder-ogg-theora: a1e56fd34408186e4bbccfd4996cb3dc -> 
  custom:framework-win-MediaFoundation: 216162199b28c13a410421893ffa2e32 -> 
  custom:CustomObjectIndexerAttribute: 9a22284fe3817be447336de3de66b15e -> 
  custom:container-demuxer-webm: 4f35f7cbe854078d1ac9338744f61a02 -> 
  custom:container-muxer-webm: aa71ff27fc2769a1b78a27578f13a17b -> 
  custom:video-decoder-webm-vp8: 9c59270c3fd7afecdb556c50c9e8de78 -> 
  custom:SearchIndexIgnoredProperties: e643bd26f0fe6173181afceb89e7c659 -> 
  custom:AudioImporter_EditorPlatform: d09bf68614088b80899f8185d706f6e7 -> 
  custom:video-encoder-webm-vp8: eb34c28f22e8b96e1ab97ce403110664 -> 
  custom:audio-decoder-ogg-vorbis: bf7c407c2cedff20999df2af8eb42d56 -> 
  custom:audio-encoder-webm-vorbis: bf7c407c2cedff20999df2af8eb42d56 -> 
========================================================================
Received Import Request.
  Time since last request: 61667.383267 seconds.
  path: Assets/CodeBase/Forklift/ForckiftMover.cs
  artifactKey: Guid(e003c5e97d58f4d77ad305e45c5fab75) Importer(815301076,1909f56bfc062723c751e8b465ee728b)
Start importing Assets/CodeBase/Forklift/ForckiftMover.cs using Guid(e003c5e97d58f4d77ad305e45c5fab75) Importer(815301076,1909f56bfc062723c751e8b465ee728b) [PhysX] Initialized MultithreadedTaskDispatcher with 12 workers.
 -> (artifact id: '7a7219d142bed6262eca934debabfaf7') in 0.003848 seconds
Number of updated asset objects reloaded before import = 0
Number of asset objects unloaded after import = 0
========================================================================
Received Prepare
Caller must complete domain reload
Begin MonoManager ReloadAssembly
- Loaded All Assemblies, in  0.481 seconds
Native extension for WindowsStandalone target not found
Native extension for Android target not found
Native extension for WebGL target not found
[Package Manager] Server::EnsureServerProcessIsRunning -- launch failed, reason: Unity was launched with the -noUpm command-line argument
[Package Manager] UpmClient::Send -- Unable to send message (not connected to UPM process).
[Package Manager] Cannot connect to Unity Package Manager local server
Failed to sync packages list
UnityEngine.StackTraceUtility:ExtractStackTrace ()
UnityEngine.DebugLogHandler:LogFormat (UnityEngine.LogType,UnityEngine.Object,string,object[])
UnityEngine.Logger:Log (UnityEngine.LogType,object)
UnityEngine.Debug:LogWarning (object)
 .  / :MoveNext ()
System.Runtime.CompilerServices.AsyncVoidMethodBuilder:Start< .  / > ( .  / &)
 .  :  ()
 .⁪/ :MoveNext ()
System.Runtime.CompilerServices.AsyncTaskMethodBuilder:Start< .⁪/ > ( .⁪/ &)
 .⁪:  ()
System.Reflection.RuntimeMethodInfo:Invoke (object,System.Reflection.BindingFlags,System.Reflection.Binder,object[],System.Globalization.CultureInfo)
System.Reflection.MethodBase:Invoke (object,object[])
UnityEditor.EditorAssemblies:ProcessInitializeOnLoadMethodAttributes ()

Mono: successfully reloaded assembly
- Finished resetting the current domain, in  0.993 seconds
Domain Reload Profiling: 1472ms
	BeginReloadAssembly (175ms)
		ExecutionOrderSort (0ms)
		DisableScriptedObjects (7ms)
		BackupInstance (0ms)
		ReleaseScriptingObjects (0ms)
		CreateAndSetChildDomain (42ms)
	RebuildCommonClasses (31ms)
	RebuildNativeTypeToScriptingClass (12ms)
	initialDomainReloadingComplete (32ms)
	LoadAllAssembliesAndSetupDomain (229ms)
		LoadAssemblies (293ms)
		RebuildTransferFunctionScriptingTraits (0ms)
		AnalyzeDomain (24ms)
			TypeCache.Refresh (8ms)
				TypeCache.ScanAssembly (0ms)
			ScanForSourceGeneratedMonoScriptInfo (7ms)
			ResolveRequiredComponents (5ms)
	FinalizeReload (993ms)
		ReleaseScriptCaches (0ms)
		RebuildScriptCaches (0ms)
		SetupLoadedEditorAssemblies (576ms)
			LogAssemblyErrors (0ms)
			InitializePlatformSupportModulesInManaged (20ms)
			SetLoadedEditorAssemblies (4ms)
			RefreshPlugins (0ms)
			BeforeProcessingInitializeOnLoad (61ms)
			ProcessInitializeOnLoadAttributes (442ms)
			ProcessInitializeOnLoadMethodAttributes (46ms)
			AfterProcessingInitializeOnLoad (4ms)
			EditorAssembliesLoaded (0ms)
		ExecutionOrderSort2 (0ms)
		AwakeInstancesAfterBackupRestoration (7ms)
Refreshing native plugins compatible for Editor in 3.32 ms, found 3 plugins.
Preloading 0 native plugins for Editor in 0.00 ms.
Release of invalid GC handle. The handle is from a previous domain. The release operation is skipped.
Unloading 3195 Unused Serialized files (Serialized files now loaded: 0)
Release of invalid GC handle native callstack: 
0x00007ff663b6424d (Unity) StackWalker::GetCurrentCallstack
0x00007ff663b69329 (Unity) StackWalker::ShowCallstack
0x00007ff664b5dae1 (Unity) GetStacktrace
0x00007ff663a5f20d (Unity) ScriptingGCHandle::ReleaseAndClear
0x00007ff66402748c (Unity) UploadHandlerRaw::`vector deleting destructor'
0x00007ff66402803d (Unity) UploadHandler::Release
0x00007ff6640248dd (Unity) UnityWebRequestProto<UnityWebRequestTransport,AtomicRefCounter,RedirectHelper,ResponseHelper,DownloadHandler,UploadHandler,CertificateHandler,HeaderHelper,AsyncOperation>::~UnityWebRequestProto<UnityWebRequestTransport,AtomicRefCounter,RedirectHelper,ResponseHelper,DownloadHandler,UploadHandler,CertificateHandler,HeaderHelper,AsyncOperation>
0x00007ff664024bd6 (Unity) UnityWebRequest::`vector deleting destructor'
0x00007ff662d74b77 (Unity) UnityWebRequestProto<UnityWebRequestTransport,AtomicRefCounter,RedirectHelper,ResponseHelper,DownloadHandler,UploadHandler,CertificateHandler,HeaderHelper,AsyncOperation>::Release
0x00007ff664026605 (Unity) UnityWebRequestAsyncOperation::InvokeCoroutine
0x00007ff6640267e1 (Unity) UnityWebRequestProto<UnityWebRequestTransport,AtomicRefCounter,RedirectHelper,ResponseHelper,DownloadHandler,UploadHandler,CertificateHandler,HeaderHelper,AsyncOperation>::Job_InvokeCoroutine
0x00007ff66368b54a (Unity) BackgroundJobQueue::ExecuteMainThreadJobs
0x00007ff66374005f (Unity) PreloadManager::WaitForAllAsyncOperationsToComplete
0x00007ff664f03af8 (Unity) <lambda_b37b41f03089e3cb3f55061bbc93253d>::operator()
0x00007ff664f3f422 (Unity) asio::detail::completion_handler<core::mutable_function<void __cdecl(void)>,asio::io_context::basic_executor_type<std::allocator<void>,0> >::do_complete
0x00007ff664f2b3ce (Unity) asio::detail::win_iocp_io_context::do_one
0x00007ff664f2d034 (Unity) asio::detail::win_iocp_io_context::run
0x00007ff664f3d7cc (Unity) IOService::Run
0x00007ff664f10c2f (Unity) AssetImportWorkerClient::Run
0x00007ff664edc3d7 (Unity) RunAssetImportWorkerClientV2
0x00007ff664edc45b (Unity) RunAssetImporterV2
0x00007ff6646d31de (Unity) Application::InitializeProject
0x00007ff664b68795 (Unity) WinMain
0x00007ff665f335ce (Unity) __scrt_common_main_seh
0x00007ffa8b87e8d7 (KERNEL32) BaseThreadInitThunk
0x00007ffa8c1714fc (ntdll) RtlUserThreadStart
Unloading 20 unused Assets / (65.8 KB). Loaded Objects now: 3705.
Memory consumption went from 76.0 MB to 75.9 MB.
Total: 6.476000 ms (FindLiveObjects: 0.299800 ms CreateObjectMapping: 0.202200 ms MarkObjects: 5.839300 ms  DeleteObjects: 0.133600 ms)

Prepare: number of updated asset objects reloaded= 0
AssetImportParameters requested are different than current active one (requested -> active):
  custom:container-demuxer-ogg: 62fdf1f143b41e24485cea50d1cbac27 -> 
  custom:video-codec-MediaFoundation-h265: 746d11721c4dcdbdad8f713fa42b33f4 -> 
  custom:scripting/monoscript/fileName/ItemMovePoint.cs: ff52921ae6937f8965c78ce455f02a45 -> c03e21b48d8232d138b1bd38de84b66d
  custom:video-decoder-ogg-theora: a1e56fd34408186e4bbccfd4996cb3dc -> 
  custom:scripting/monoscript/fileName/Items.cs: af5e3b46327079cc5f068c3907024f7d -> 99b9cbde73147a490b93afc081f853a4
  custom:scripting/monoscript/fileName/InputService.cs: 87f436565a3b7043d2026e1b135cc169 -> 2128ed2918f0ad10e3416ef833339354
  custom:framework-win-MediaFoundation: 216162199b28c13a410421893ffa2e32 -> 
  custom:scripting/monoscript/fileName/ILoadable.cs: 600a5875a2ca8dcec761bcd40c218e43 -> ef72ffd8975b3d43e9471d6d8ff2626e
  custom:scripting/monoscript/fileName/TreeLoadPlace.cs: 8e8042c5ab8f08395cb275dbaabedf9d -> 364c960a42061b2c309291ccdba3b4c3
  custom:scripting/monoscript/fileName/IInputService.cs: 2a6a3d85558b13eaca46a18223a4d237 -> 0301d2dd067e763158ccdb0ed7eb257d
  custom:scripting/monoscript/fileName/Game.cs: fd4b5a939ecc40b3c81b3a62865fb5d7 -> edba3c7da36a5a0b6e91802eaf42c284
  custom:scripting/monoscript/fileName/ForckiftMover.cs: 06bd4506163d4326b38048463f228f22 -> d51007b2fbb7e264f32f65cc6e495cec
  custom:CustomObjectIndexerAttribute: 9a22284fe3817be447336de3de66b15e -> 
  custom:container-demuxer-webm: 4f35f7cbe854078d1ac9338744f61a02 -> 
  custom:scripting/monoscript/fileName/MoneyUnloadPlace.cs: f6df466d19d2498b69ad041bbafe0f35 -> 092b64e2769d98a15e77e59b03808d48
  custom:scripting/monoscript/fileName/StandaloneInputService.cs: 102b1e766ebc21fcfbf5bef53d484566 -> bb3bdec1bebef494a4441fb2066e411c
  custom:scripting/monoscript/fileName/CameraFollow.cs: fcf2341a55105adc6c324172cb5e2da1 -> 9b150ee781d2c96881d6021398a5e296
  custom:container-muxer-webm: aa71ff27fc2769a1b78a27578f13a17b -> 
  custom:video-decoder-webm-vp8: 9c59270c3fd7afecdb556c50c9e8de78 -> 
  custom:scripting/monoscript/fileName/MoneyMovePoint.cs: 4e5eda59e147e9957e39cc1924777e7a -> afc6527fba8601aaf178c206ca9478e0
  custom:SearchIndexIgnoredProperties: e643bd26f0fe6173181afceb89e7c659 -> 
  custom:AudioImporter_EditorPlatform: d09bf68614088b80899f8185d706f6e7 -> 
  custom:scripting/monoscript/fileName/GameBootstrapper.cs: eff1514233847b073511d44c314e60a3 -> b17fe78b39a8f58800ac7c292f9c681f
  custom:scripting/monoscript/fileName/MobileInputService.cs: 188a8c987792af012f30b8a8ebf6b65a -> 0f98dcfbb8fdc44b32699ddc2cfb89e5
  custom:scripting/monoscript/fileName/TreeUnloadPlace.cs: f64b9f9c3966e09c52182d353aee9eb1 -> 0589d61a6cb0cd46b45b0fc94fbb9a0c
  custom:scripting/monoscript/fileName/IPoint.cs: 59be0478f5a4c8d560bd5a628052f2d1 -> 1aa54abf6de0ae1895f103861960127e
  custom:scripting/monoscript/fileName/IAnimationStateReader.cs: c250ddb5ad111cbd689d6ed128dd6877 -> 3909dc4109539a45c984529319aeb04f
  custom:video-encoder-webm-vp8: eb34c28f22e8b96e1ab97ce403110664 -> 
  custom:scripting/monoscript/fileName/AnimatorStateReporter.cs: f710a6d69fb62f72e14877c38f5cd79b -> c3bcb364bab3778783e0551ce0e263b7
  custom:audio-decoder-ogg-vorbis: bf7c407c2cedff20999df2af8eb42d56 -> 
  custom:scripting/monoscript/fileName/ItemMover.cs: d120bfca97eb8af438f04bb4830933a2 -> 78e0a6ce1ecf49447b76a397dfe3739e
  custom:scripting/monoscript/fileName/Item.cs: c2b7fc65fe255f985743270ca947d8ec -> edfd25bbe8f561e55c7415f9c3adacfe
  custom:scripting/monoscript/fileName/IItems.cs: b4496eafcaf963a29685b1703698cc12 -> 8a701fe45e931dd773887a61c09f0be5
  custom:scripting/monoscript/fileName/MoneyLoadPlace.cs: 68cedd9c71614b1bb23eff057f6c3ae2 -> c2d7251bca011d69412f191cec0168dd
  custom:scripting/monoscript/fileName/IItem.cs: b1e073ed590ff871beaa01c062e2afe6 -> e1dde52919a03e2a2a3afb0440db05c2
  custom:audio-encoder-webm-vorbis: bf7c407c2cedff20999df2af8eb42d56 -> 
  custom:scripting/monoscript/fileName/Constants.cs: 6f57ec824f7908db879665f17b45218a -> bc3c2c826abc694bb14e0b1aa933089b
  custom:scripting/precompiled-assembly-types:Assembly-CSharp: 0ae0e572c3330dddf7f6ec0e2a3496ad -> 98f1615f411f1abe470bab5725be6cc9
  custom:scripting/monoscript/fileName/IUnloadable.cs: a547a56482b7ab37d34b82ae1cdbe505 -> 13a72fc76ed7645e00d20796c8f64cac
========================================================================
Received Prepare
Caller must complete domain reload
Begin MonoManager ReloadAssembly
- Loaded All Assemblies, in  0.499 seconds
Native extension for WindowsStandalone target not found
Native extension for Android target not found
Native extension for WebGL target not found
[Package Manager] Server::EnsureServerProcessIsRunning -- launch failed, reason: Unity was launched with the -noUpm command-line argument
[Package Manager] UpmClient::Send -- Unable to send message (not connected to UPM process).
[Package Manager] Cannot connect to Unity Package Manager local server
Failed to sync packages list
UnityEngine.StackTraceUtility:ExtractStackTrace ()
UnityEngine.DebugLogHandler:LogFormat (UnityEngine.LogType,UnityEngine.Object,string,object[])
UnityEngine.Logger:Log (UnityEngine.LogType,object)
UnityEngine.Debug:LogWarning (object)
 .  / :MoveNext ()
System.Runtime.CompilerServices.AsyncVoidMethodBuilder:Start< .  / > ( .  / &)
 .  :  ()
 .⁪/ :MoveNext ()
System.Runtime.CompilerServices.AsyncTaskMethodBuilder:Start< .⁪/ > ( .⁪/ &)
 .⁪:  ()
System.Reflection.RuntimeMethodInfo:Invoke (object,System.Reflection.BindingFlags,System.Reflection.Binder,object[],System.Globalization.CultureInfo)
System.Reflection.MethodBase:Invoke (object,object[])
UnityEditor.EditorAssemblies:ProcessInitializeOnLoadMethodAttributes ()

Mono: successfully reloaded assembly
- Finished resetting the current domain, in  1.094 seconds
Domain Reload Profiling: 1591ms
	BeginReloadAssembly (167ms)
		ExecutionOrderSort (0ms)
		DisableScriptedObjects (7ms)
		BackupInstance (0ms)
		ReleaseScriptingObjects (0ms)
		CreateAndSetChildDomain (32ms)
	RebuildCommonClasses (36ms)
	RebuildNativeTypeToScriptingClass (13ms)
	initialDomainReloadingComplete (34ms)
	LoadAllAssembliesAndSetupDomain (247ms)
		LoadAssemblies (316ms)
		RebuildTransferFunctionScriptingTraits (0ms)
		AnalyzeDomain (25ms)
			TypeCache.Refresh (9ms)
				TypeCache.ScanAssembly (0ms)
			ScanForSourceGeneratedMonoScriptInfo (7ms)
			ResolveRequiredComponents (6ms)
	FinalizeReload (1095ms)
		ReleaseScriptCaches (0ms)
		RebuildScriptCaches (0ms)
		SetupLoadedEditorAssemblies (608ms)
			LogAssemblyErrors (0ms)
			InitializePlatformSupportModulesInManaged (25ms)
			SetLoadedEditorAssemblies (5ms)
			RefreshPlugins (0ms)
			BeforeProcessingInitializeOnLoad (66ms)
			ProcessInitializeOnLoadAttributes (457ms)
			ProcessInitializeOnLoadMethodAttributes (51ms)
			AfterProcessingInitializeOnLoad (4ms)
			EditorAssembliesLoaded (0ms)
		ExecutionOrderSort2 (0ms)
		AwakeInstancesAfterBackupRestoration (6ms)
Refreshing native plugins compatible for Editor in 4.34 ms, found 3 plugins.
Preloading 0 native plugins for Editor in 0.00 ms.
Release of invalid GC handle. The handle is from a previous domain. The release operation is skipped.
Release of invalid GC handle native callstack: 
0x00007ff663b6424d (Unity) StackWalker::GetCurrentCallstack
0x00007ff663b69329 (Unity) StackWalker::ShowCallstack
0x00007ff664b5dae1 (Unity) GetStacktrace
0x00007ff663a5f20d (Unity) ScriptingGCHandle::ReleaseAndClear
0x00007ff66402748c (Unity) UploadHandlerRaw::`vector deleting destructor'
0x00007ff66402803d (Unity) UploadHandler::Release
0x00007ff6640248dd (Unity) UnityWebRequestProto<UnityWebRequestTransport,AtomicRefCounter,RedirectHelper,ResponseHelper,DownloadHandler,UploadHandler,CertificateHandler,HeaderHelper,AsyncOperation>::~UnityWebRequestProto<UnityWebRequestTransport,AtomicRefCounter,RedirectHelper,ResponseHelper,DownloadHandler,UploadHandler,CertificateHandler,HeaderHelper,AsyncOperation>
0x00007ff664024bd6 (Unity) UnityWebRequest::`vector deleting destructor'
0x00007ff662d74b77 (Unity) UnityWebRequestProto<UnityWebRequestTransport,AtomicRefCounter,RedirectHelper,ResponseHelper,DownloadHandler,UploadHandler,CertificateHandler,HeaderHelper,AsyncOperation>::Release
0x00007ff664026605 (Unity) UnityWebRequestAsyncOperation::InvokeCoroutine
0x00007ff6640267e1 (Unity) UnityWebRequestProto<UnityWebRequestTransport,AtomicRefCounter,RedirectHelper,ResponseHelper,DownloadHandler,UploadHandler,CertificateHandler,HeaderHelper,AsyncOperation>::Job_InvokeCoroutine
0x00007ff66368b54a (Unity) BackgroundJobQueue::ExecuteMainThreadJobs
0x00007ff66374005f (Unity) PreloadManager::WaitForAllAsyncOperationsToComplete
0x00007ff664f03af8 (Unity) <lambda_b37b41f03089e3cb3f55061bbc93253d>::operator()
0x00007ff664f3f422 (Unity) asio::detail::completion_handler<core::mutable_function<void __cdecl(void)>,asio::io_context::basic_executor_type<std::allocator<void>,0> >::do_complete
0x00007ff664f2b3ce (Unity) asio::detail::win_iocp_io_context::do_one
0x00007ff664f2d034 (Unity) asio::detail::win_iocp_io_context::run
0x00007ff664f3d7cc (Unity) IOService::Run
0x00007ff664f10c2f (Unity) AssetImportWorkerClient::Run
0x00007ff664edc3d7 (Unity) RunAssetImportWorkerClientV2
0x00007ff664edc45b (Unity) RunAssetImporterV2
0x00007ff6646d31de (Unity) Application::InitializeProject
0x00007ff664b68795 (Unity) WinMain
0x00007ff665f335ce (Unity) __scrt_common_main_seh
0x00007ffa8b87e8d7 (KERNEL32) BaseThreadInitThunk
0x00007ffa8c1714fc (ntdll) RtlUserThreadStart
Unloading 3197 Unused Serialized files (Serialized files now loaded: 0)
Unloading 20 unused Assets / (87.9 KB). Loaded Objects now: 3711.
Memory consumption went from 126.3 MB to 126.2 MB.
Total: 4.029400 ms (FindLiveObjects: 0.223100 ms CreateObjectMapping: 0.107300 ms MarkObjects: 3.571900 ms  DeleteObjects: 0.125800 ms)

Prepare: number of updated asset objects reloaded= 0
AssetImportParameters requested are different than current active one (requested -> active):
  custom:container-demuxer-ogg: 62fdf1f143b41e24485cea50d1cbac27 -> 
  custom:video-codec-MediaFoundation-h265: 746d11721c4dcdbdad8f713fa42b33f4 -> 
  custom:scripting/monoscript/fileName/ItemMovePoint.cs: ff52921ae6937f8965c78ce455f02a45 -> c03e21b48d8232d138b1bd38de84b66d
  custom:scripting/monoscript/fileName/ItemSpawner.cs: 4e8c3c7882809ad4f78d264785dff7a1 -> 
  custom:video-decoder-ogg-theora: a1e56fd34408186e4bbccfd4996cb3dc -> 
  custom:scripting/monoscript/fileName/Items.cs: af5e3b46327079cc5f068c3907024f7d -> 99b9cbde73147a490b93afc081f853a4
  custom:scripting/monoscript/fileName/InputService.cs: 87f436565a3b7043d2026e1b135cc169 -> 2128ed2918f0ad10e3416ef833339354
  custom:framework-win-MediaFoundation: 216162199b28c13a410421893ffa2e32 -> 
  custom:scripting/monoscript/fileName/ILoadable.cs: 600a5875a2ca8dcec761bcd40c218e43 -> ef72ffd8975b3d43e9471d6d8ff2626e
  custom:scripting/monoscript/fileName/TreeLoadPlace.cs: 8e8042c5ab8f08395cb275dbaabedf9d -> 364c960a42061b2c309291ccdba3b4c3
  custom:scripting/monoscript/fileName/IInputService.cs: 2a6a3d85558b13eaca46a18223a4d237 -> 0301d2dd067e763158ccdb0ed7eb257d
  custom:scripting/monoscript/fileName/Game.cs: fd4b5a939ecc40b3c81b3a62865fb5d7 -> edba3c7da36a5a0b6e91802eaf42c284
  custom:scripting/monoscript/fileName/ForckiftMover.cs: 06bd4506163d4326b38048463f228f22 -> d51007b2fbb7e264f32f65cc6e495cec
  custom:CustomObjectIndexerAttribute: 9a22284fe3817be447336de3de66b15e -> 
  custom:container-demuxer-webm: 4f35f7cbe854078d1ac9338744f61a02 -> 
  custom:scripting/monoscript/fileName/MoneyUnloadPlace.cs: f6df466d19d2498b69ad041bbafe0f35 -> 092b64e2769d98a15e77e59b03808d48
  custom:scripting/monoscript/fileName/StandaloneInputService.cs: 102b1e766ebc21fcfbf5bef53d484566 -> bb3bdec1bebef494a4441fb2066e411c
  custom:scripting/monoscript/fileName/CameraFollow.cs: fcf2341a55105adc6c324172cb5e2da1 -> 9b150ee781d2c96881d6021398a5e296
  custom:container-muxer-webm: aa71ff27fc2769a1b78a27578f13a17b -> 
  custom:video-decoder-webm-vp8: 9c59270c3fd7afecdb556c50c9e8de78 -> 
  custom:scripting/monoscript/fileName/MoneyMovePoint.cs: 4e5eda59e147e9957e39cc1924777e7a -> afc6527fba8601aaf178c206ca9478e0
  custom:SearchIndexIgnoredProperties: e643bd26f0fe6173181afceb89e7c659 -> 
  custom:AudioImporter_EditorPlatform: d09bf68614088b80899f8185d706f6e7 -> 
  custom:scripting/monoscript/fileName/GameBootstrapper.cs: eff1514233847b073511d44c314e60a3 -> b17fe78b39a8f58800ac7c292f9c681f
  custom:scripting/monoscript/fileName/MobileInputService.cs: 188a8c987792af012f30b8a8ebf6b65a -> 0f98dcfbb8fdc44b32699ddc2cfb89e5
  custom:scripting/monoscript/fileName/TreeUnloadPlace.cs: f64b9f9c3966e09c52182d353aee9eb1 -> 0589d61a6cb0cd46b45b0fc94fbb9a0c
  custom:scripting/monoscript/fileName/IPoint.cs: 59be0478f5a4c8d560bd5a628052f2d1 -> 1aa54abf6de0ae1895f103861960127e
  custom:scripting/monoscript/fileName/IAnimationStateReader.cs: c250ddb5ad111cbd689d6ed128dd6877 -> 3909dc4109539a45c984529319aeb04f
  custom:video-encoder-webm-vp8: eb34c28f22e8b96e1ab97ce403110664 -> 
  custom:scripting/monoscript/fileName/AnimatorStateReporter.cs: f710a6d69fb62f72e14877c38f5cd79b -> c3bcb364bab3778783e0551ce0e263b7
  custom:audio-decoder-ogg-vorbis: bf7c407c2cedff20999df2af8eb42d56 -> 
  custom:scripting/monoscript/fileName/ItemMover.cs: d120bfca97eb8af438f04bb4830933a2 -> 78e0a6ce1ecf49447b76a397dfe3739e
  custom:scripting/monoscript/fileName/Item.cs: c2b7fc65fe255f985743270ca947d8ec -> edfd25bbe8f561e55c7415f9c3adacfe
  custom:scripting/monoscript/fileName/IItems.cs: b4496eafcaf963a29685b1703698cc12 -> 8a701fe45e931dd773887a61c09f0be5
  custom:scripting/monoscript/fileName/MoneyLoadPlace.cs: 68cedd9c71614b1bb23eff057f6c3ae2 -> c2d7251bca011d69412f191cec0168dd
  custom:scripting/monoscript/fileName/IItem.cs: b1e073ed590ff871beaa01c062e2afe6 -> e1dde52919a03e2a2a3afb0440db05c2
  custom:audio-encoder-webm-vorbis: bf7c407c2cedff20999df2af8eb42d56 -> 
  custom:scripting/monoscript/fileName/Constants.cs: 6f57ec824f7908db879665f17b45218a -> bc3c2c826abc694bb14e0b1aa933089b
  custom:scripting/precompiled-assembly-types:Assembly-CSharp: b390dee84f28888150f7e5ae68e6ba0a -> 98f1615f411f1abe470bab5725be6cc9
  custom:scripting/monoscript/fileName/IUnloadable.cs: a547a56482b7ab37d34b82ae1cdbe505 -> 13a72fc76ed7645e00d20796c8f64cac
========================================================================
Received Import Request.
  Time since last request: 873.129158 seconds.
  path: Assets/Scripts/Logic/ItemSpawner.cs
  artifactKey: Guid(7a7db3924e801344e955d4b4e116301a) Importer(815301076,1909f56bfc062723c751e8b465ee728b)
Start importing Assets/Scripts/Logic/ItemSpawner.cs using Guid(7a7db3924e801344e955d4b4e116301a) Importer(815301076,1909f56bfc062723c751e8b465ee728b) [PhysX] Initialized MultithreadedTaskDispatcher with 12 workers.
 -> (artifact id: '8cc435f17b813325ec052c0ba3bc75ea') in 0.002688 seconds
Number of updated asset objects reloaded before import = 0
Number of asset objects unloaded after import = 0
========================================================================
Received Prepare
Caller must complete domain reload
Begin MonoManager ReloadAssembly
- Loaded All Assemblies, in  1.001 seconds
Native extension for WindowsStandalone target not found
Native extension for Android target not found
Native extension for WebGL target not found
[Package Manager] Server::EnsureServerProcessIsRunning -- launch failed, reason: Unity was launched with the -noUpm command-line argument
[Package Manager] UpmClient::Send -- Unable to send message (not connected to UPM process).
[Package Manager] Cannot connect to Unity Package Manager local server
Failed to sync packages list
UnityEngine.StackTraceUtility:ExtractStackTrace ()
UnityEngine.DebugLogHandler:LogFormat (UnityEngine.LogType,UnityEngine.Object,string,object[])
UnityEngine.Logger:Log (UnityEngine.LogType,object)
UnityEngine.Debug:LogWarning (object)
 .  / :MoveNext ()
System.Runtime.CompilerServices.AsyncVoidMethodBuilder:Start< .  / > ( .  / &)
 .  :  ()
 .⁪/ :MoveNext ()
System.Runtime.CompilerServices.AsyncTaskMethodBuilder:Start< .⁪/ > ( .⁪/ &)
 .⁪:  ()
System.Reflection.RuntimeMethodInfo:Invoke (object,System.Reflection.BindingFlags,System.Reflection.Binder,object[],System.Globalization.CultureInfo)
System.Reflection.MethodBase:Invoke (object,object[])
UnityEditor.EditorAssemblies:ProcessInitializeOnLoadMethodAttributes ()

Mono: successfully reloaded assembly
- Finished resetting the current domain, in  1.618 seconds
Domain Reload Profiling: 2615ms
	BeginReloadAssembly (310ms)
		ExecutionOrderSort (0ms)
		DisableScriptedObjects (14ms)
		BackupInstance (0ms)
		ReleaseScriptingObjects (0ms)
		CreateAndSetChildDomain (68ms)
	RebuildCommonClasses (56ms)
	RebuildNativeTypeToScriptingClass (21ms)
	initialDomainReloadingComplete (59ms)
	LoadAllAssembliesAndSetupDomain (550ms)
		LoadAssemblies (675ms)
		RebuildTransferFunctionScriptingTraits (0ms)
		AnalyzeDomain (42ms)
			TypeCache.Refresh (14ms)
				TypeCache.ScanAssembly (0ms)
			ScanForSourceGeneratedMonoScriptInfo (14ms)
			ResolveRequiredComponents (11ms)
	FinalizeReload (1619ms)
		ReleaseScriptCaches (0ms)
		RebuildScriptCaches (0ms)
		SetupLoadedEditorAssemblies (519ms)
			LogAssemblyErrors (0ms)
			InitializePlatformSupportModulesInManaged (18ms)
			SetLoadedEditorAssemblies (4ms)
			RefreshPlugins (0ms)
			BeforeProcessingInitializeOnLoad (63ms)
			ProcessInitializeOnLoadAttributes (371ms)
			ProcessInitializeOnLoadMethodAttributes (56ms)
			AfterProcessingInitializeOnLoad (6ms)
			EditorAssembliesLoaded (0ms)
		ExecutionOrderSort2 (0ms)
		AwakeInstancesAfterBackupRestoration (8ms)
Refreshing native plugins compatible for Editor in 2.88 ms, found 3 plugins.
Preloading 0 native plugins for Editor in 0.00 ms.
Release of invalid GC handle. The handle is from a previous domain. The release operation is skipped.
Release of invalid GC handle native callstack: 
0x00007ff663b6424d (Unity) StackWalker::GetCurrentCallstack
0x00007ff663b69329 (Unity) StackWalker::ShowCallstack
0x00007ff664b5dae1 (Unity) GetStacktrace
0x00007ff663a5f20d (Unity) ScriptingGCHandle::ReleaseAndClear
0x00007ff66402748c (Unity) UploadHandlerRaw::`vector deleting destructor'
0x00007ff66402803d (Unity) UploadHandler::Release
0x00007ff6640248dd (Unity) UnityWebRequestProto<UnityWebRequestTransport,AtomicRefCounter,RedirectHelper,ResponseHelper,DownloadHandler,UploadHandler,CertificateHandler,HeaderHelper,AsyncOperation>::~UnityWebRequestProto<UnityWebRequestTransport,AtomicRefCounter,RedirectHelper,ResponseHelper,DownloadHandler,UploadHandler,CertificateHandler,HeaderHelper,AsyncOperation>
0x00007ff664024bd6 (Unity) UnityWebRequest::`vector deleting destructor'
0x00007ff662d74b77 (Unity) UnityWebRequestProto<UnityWebRequestTransport,AtomicRefCounter,RedirectHelper,ResponseHelper,DownloadHandler,UploadHandler,CertificateHandler,HeaderHelper,AsyncOperation>::Release
0x00007ff664026605 (Unity) UnityWebRequestAsyncOperation::InvokeCoroutine
0x00007ff6640267e1 (Unity) UnityWebRequestProto<UnityWebRequestTransport,AtomicRefCounter,RedirectHelper,ResponseHelper,DownloadHandler,UploadHandler,CertificateHandler,HeaderHelper,AsyncOperation>::Job_InvokeCoroutine
0x00007ff66368b54a (Unity) BackgroundJobQueue::ExecuteMainThreadJobs
0x00007ff66374005f (Unity) PreloadManager::WaitForAllAsyncOperationsToComplete
0x00007ff664f03af8 (Unity) <lambda_b37b41f03089e3cb3f55061bbc93253d>::operator()
0x00007ff664f3f422 (Unity) asio::detail::completion_handler<core::mutable_function<void __cdecl(void)>,asio::io_context::basic_executor_type<std::allocator<void>,0> >::do_complete
0x00007ff664f2b3ce (Unity) asio::detail::win_iocp_io_context::do_one
0x00007ff664f2d034 (Unity) asio::detail::win_iocp_io_context::run
0x00007ff664f3d7cc (Unity) IOService::Run
0x00007ff664f10c2f (Unity) AssetImportWorkerClient::Run
0x00007ff664edc3d7 (Unity) RunAssetImportWorkerClientV2
0x00007ff664edc45b (Unity) RunAssetImporterV2
0x00007ff6646d31de (Unity) Application::InitializeProject
0x00007ff664b68795 (Unity) WinMain
0x00007ff665f335ce (Unity) __scrt_common_main_seh
0x00007ffa8b87e8d7 (KERNEL32) BaseThreadInitThunk
0x00007ffa8c1714fc (ntdll) RtlUserThreadStart
Unloading 3197 Unused Serialized files (Serialized files now loaded: 0)
Unloading 20 unused Assets / (88.0 KB). Loaded Objects now: 3717.
Memory consumption went from 126.2 MB to 126.1 MB.
Total: 4.203900 ms (FindLiveObjects: 0.195500 ms CreateObjectMapping: 0.089000 ms MarkObjects: 3.821800 ms  DeleteObjects: 0.096800 ms)

Prepare: number of updated asset objects reloaded= 0
AssetImportParameters requested are different than current active one (requested -> active):
  custom:container-demuxer-ogg: 62fdf1f143b41e24485cea50d1cbac27 -> 
  custom:video-codec-MediaFoundation-h265: 746d11721c4dcdbdad8f713fa42b33f4 -> 
  custom:scripting/monoscript/fileName/ItemMovePoint.cs: ff52921ae6937f8965c78ce455f02a45 -> c03e21b48d8232d138b1bd38de84b66d
  custom:scripting/monoscript/fileName/ItemSpawner.cs: 4e8c3c7882809ad4f78d264785dff7a1 -> 
  custom:video-decoder-ogg-theora: a1e56fd34408186e4bbccfd4996cb3dc -> 
  custom:scripting/monoscript/fileName/Items.cs: af5e3b46327079cc5f068c3907024f7d -> 99b9cbde73147a490b93afc081f853a4
  custom:scripting/monoscript/fileName/InputService.cs: 87f436565a3b7043d2026e1b135cc169 -> 2128ed2918f0ad10e3416ef833339354
  custom:framework-win-MediaFoundation: 216162199b28c13a410421893ffa2e32 -> 
  custom:scripting/monoscript/fileName/ILoadable.cs: 600a5875a2ca8dcec761bcd40c218e43 -> ef72ffd8975b3d43e9471d6d8ff2626e
  custom:scripting/monoscript/fileName/TreeLoadPlace.cs: 8e8042c5ab8f08395cb275dbaabedf9d -> 364c960a42061b2c309291ccdba3b4c3
  custom:scripting/monoscript/fileName/IInputService.cs: 2a6a3d85558b13eaca46a18223a4d237 -> 0301d2dd067e763158ccdb0ed7eb257d
  custom:scripting/monoscript/fileName/Game.cs: fd4b5a939ecc40b3c81b3a62865fb5d7 -> edba3c7da36a5a0b6e91802eaf42c284
  custom:scripting/monoscript/fileName/ForckiftMover.cs: 06bd4506163d4326b38048463f228f22 -> d51007b2fbb7e264f32f65cc6e495cec
  custom:CustomObjectIndexerAttribute: 9a22284fe3817be447336de3de66b15e -> 
  custom:container-demuxer-webm: 4f35f7cbe854078d1ac9338744f61a02 -> 
  custom:scripting/monoscript/fileName/MoneyUnloadPlace.cs: f6df466d19d2498b69ad041bbafe0f35 -> 092b64e2769d98a15e77e59b03808d48
  custom:scripting/monoscript/fileName/StandaloneInputService.cs: 102b1e766ebc21fcfbf5bef53d484566 -> bb3bdec1bebef494a4441fb2066e411c
  custom:scripting/monoscript/fileName/CameraFollow.cs: fcf2341a55105adc6c324172cb5e2da1 -> 9b150ee781d2c96881d6021398a5e296
  custom:container-muxer-webm: aa71ff27fc2769a1b78a27578f13a17b -> 
  custom:video-decoder-webm-vp8: 9c59270c3fd7afecdb556c50c9e8de78 -> 
  custom:scripting/monoscript/fileName/MoneyMovePoint.cs: 4e5eda59e147e9957e39cc1924777e7a -> afc6527fba8601aaf178c206ca9478e0
  custom:SearchIndexIgnoredProperties: e643bd26f0fe6173181afceb89e7c659 -> 
  custom:scripting/monoscript/fileName/ItemMovePoints.cs: bae54de1e660887da2f15ed95fa2b0e3 -> 
  custom:AudioImporter_EditorPlatform: d09bf68614088b80899f8185d706f6e7 -> 
  custom:scripting/monoscript/fileName/GameBootstrapper.cs: eff1514233847b073511d44c314e60a3 -> b17fe78b39a8f58800ac7c292f9c681f
  custom:scripting/monoscript/fileName/MobileInputService.cs: 188a8c987792af012f30b8a8ebf6b65a -> 0f98dcfbb8fdc44b32699ddc2cfb89e5
  custom:scripting/monoscript/fileName/TreeUnloadPlace.cs: f64b9f9c3966e09c52182d353aee9eb1 -> 0589d61a6cb0cd46b45b0fc94fbb9a0c
  custom:scripting/monoscript/fileName/IPoint.cs: 59be0478f5a4c8d560bd5a628052f2d1 -> 1aa54abf6de0ae1895f103861960127e
  custom:scripting/monoscript/fileName/IAnimationStateReader.cs: c250ddb5ad111cbd689d6ed128dd6877 -> 3909dc4109539a45c984529319aeb04f
  custom:video-encoder-webm-vp8: eb34c28f22e8b96e1ab97ce403110664 -> 
  custom:scripting/monoscript/fileName/AnimatorStateReporter.cs: f710a6d69fb62f72e14877c38f5cd79b -> c3bcb364bab3778783e0551ce0e263b7
  custom:audio-decoder-ogg-vorbis: bf7c407c2cedff20999df2af8eb42d56 -> 
  custom:scripting/monoscript/fileName/ItemMover.cs: d120bfca97eb8af438f04bb4830933a2 -> 78e0a6ce1ecf49447b76a397dfe3739e
  custom:scripting/monoscript/fileName/Item.cs: c2b7fc65fe255f985743270ca947d8ec -> edfd25bbe8f561e55c7415f9c3adacfe
  custom:scripting/monoscript/fileName/IItems.cs: b4496eafcaf963a29685b1703698cc12 -> 8a701fe45e931dd773887a61c09f0be5
  custom:scripting/monoscript/fileName/MoneyLoadPlace.cs: 68cedd9c71614b1bb23eff057f6c3ae2 -> c2d7251bca011d69412f191cec0168dd
  custom:scripting/monoscript/fileName/IItem.cs: b1e073ed590ff871beaa01c062e2afe6 -> e1dde52919a03e2a2a3afb0440db05c2
  custom:audio-encoder-webm-vorbis: bf7c407c2cedff20999df2af8eb42d56 -> 
  custom:scripting/monoscript/fileName/Constants.cs: 6f57ec824f7908db879665f17b45218a -> bc3c2c826abc694bb14e0b1aa933089b
  custom:scripting/precompiled-assembly-types:Assembly-CSharp: eb9fa17acc47afdc2be4f8dceb1fb7dc -> 98f1615f411f1abe470bab5725be6cc9
  custom:scripting/monoscript/fileName/IUnloadable.cs: a547a56482b7ab37d34b82ae1cdbe505 -> 13a72fc76ed7645e00d20796c8f64cac
========================================================================
Received Prepare
Caller must complete domain reload
Begin MonoManager ReloadAssembly
- Loaded All Assemblies, in  0.636 seconds
Native extension for WindowsStandalone target not found
Native extension for Android target not found
Native extension for WebGL target not found
[Package Manager] Server::EnsureServerProcessIsRunning -- launch failed, reason: Unity was launched with the -noUpm command-line argument
[Package Manager] UpmClient::Send -- Unable to send message (not connected to UPM process).
[Package Manager] Cannot connect to Unity Package Manager local server
Failed to sync packages list
UnityEngine.StackTraceUtility:ExtractStackTrace ()
UnityEngine.DebugLogHandler:LogFormat (UnityEngine.LogType,UnityEngine.Object,string,object[])
UnityEngine.Logger:Log (UnityEngine.LogType,object)
UnityEngine.Debug:LogWarning (object)
 .  / :MoveNext ()
System.Runtime.CompilerServices.AsyncVoidMethodBuilder:Start< .  / > ( .  / &)
 .  :  ()
 .⁪/ :MoveNext ()
System.Runtime.CompilerServices.AsyncTaskMethodBuilder:Start< .⁪/ > ( .⁪/ &)
 .⁪:  ()
System.Reflection.RuntimeMethodInfo:Invoke (object,System.Reflection.BindingFlags,System.Reflection.Binder,object[],System.Globalization.CultureInfo)
System.Reflection.MethodBase:Invoke (object,object[])
UnityEditor.EditorAssemblies:ProcessInitializeOnLoadMethodAttributes ()

Mono: successfully reloaded assembly
- Finished resetting the current domain, in  1.710 seconds
Domain Reload Profiling: 2345ms
	BeginReloadAssembly (178ms)
		ExecutionOrderSort (0ms)
		DisableScriptedObjects (6ms)
		BackupInstance (0ms)
		ReleaseScriptingObjects (0ms)
		CreateAndSetChildDomain (41ms)
	RebuildCommonClasses (41ms)
	RebuildNativeTypeToScriptingClass (16ms)
	initialDomainReloadingComplete (34ms)
	LoadAllAssembliesAndSetupDomain (366ms)
		LoadAssemblies (430ms)
		RebuildTransferFunctionScriptingTraits (0ms)
		AnalyzeDomain (31ms)
			TypeCache.Refresh (10ms)
				TypeCache.ScanAssembly (0ms)
			ScanForSourceGeneratedMonoScriptInfo (10ms)
			ResolveRequiredComponents (8ms)
	FinalizeReload (1710ms)
		ReleaseScriptCaches (0ms)
		RebuildScriptCaches (0ms)
		SetupLoadedEditorAssemblies (507ms)
			LogAssemblyErrors (0ms)
			InitializePlatformSupportModulesInManaged (17ms)
			SetLoadedEditorAssemblies (4ms)
			RefreshPlugins (0ms)
			BeforeProcessingInitializeOnLoad (61ms)
			ProcessInitializeOnLoadAttributes (373ms)
			ProcessInitializeOnLoadMethodAttributes (47ms)
			AfterProcessingInitializeOnLoad (5ms)
			EditorAssembliesLoaded (0ms)
		ExecutionOrderSort2 (0ms)
		AwakeInstancesAfterBackupRestoration (6ms)
Refreshing native plugins compatible for Editor in 3.96 ms, found 3 plugins.
Preloading 0 native plugins for Editor in 0.00 ms.
Release of invalid GC handle. The handle is from a previous domain. The release operation is skipped.
Release of invalid GC handle native callstack: 
0x00007ff663b6424d (Unity) StackWalker::GetCurrentCallstack
0x00007ff663b69329 (Unity) StackWalker::ShowCallstack
0x00007ff664b5dae1 (Unity) GetStacktrace
0x00007ff663a5f20d (Unity) ScriptingGCHandle::ReleaseAndClear
0x00007ff66402748c (Unity) UploadHandlerRaw::`vector deleting destructor'
0x00007ff66402803d (Unity) UploadHandler::Release
0x00007ff6640248dd (Unity) UnityWebRequestProto<UnityWebRequestTransport,AtomicRefCounter,RedirectHelper,ResponseHelper,DownloadHandler,UploadHandler,CertificateHandler,HeaderHelper,AsyncOperation>::~UnityWebRequestProto<UnityWebRequestTransport,AtomicRefCounter,RedirectHelper,ResponseHelper,DownloadHandler,UploadHandler,CertificateHandler,HeaderHelper,AsyncOperation>
0x00007ff664024bd6 (Unity) UnityWebRequest::`vector deleting destructor'
0x00007ff662d74b77 (Unity) UnityWebRequestProto<UnityWebRequestTransport,AtomicRefCounter,RedirectHelper,ResponseHelper,DownloadHandler,UploadHandler,CertificateHandler,HeaderHelper,AsyncOperation>::Release
0x00007ff664026605 (Unity) UnityWebRequestAsyncOperation::InvokeCoroutine
0x00007ff6640267e1 (Unity) UnityWebRequestProto<UnityWebRequestTransport,AtomicRefCounter,RedirectHelper,ResponseHelper,DownloadHandler,UploadHandler,CertificateHandler,HeaderHelper,AsyncOperation>::Job_InvokeCoroutine
0x00007ff66368b54a (Unity) BackgroundJobQueue::ExecuteMainThreadJobs
0x00007ff66374005f (Unity) PreloadManager::WaitForAllAsyncOperationsToComplete
0x00007ff664f03af8 (Unity) <lambda_b37b41f03089e3cb3f55061bbc93253d>::operator()
0x00007ff664f3f422 (Unity) asio::detail::completion_handler<core::mutable_function<void __cdecl(void)>,asio::io_context::basic_executor_type<std::allocator<void>,0> >::do_complete
0x00007ff664f2b3ce (Unity) asio::detail::win_iocp_io_context::do_one
0x00007ff664f2d034 (Unity) asio::detail::win_iocp_io_context::run
0x00007ff664f3d7cc (Unity) IOService::Run
0x00007ff664f10c2f (Unity) AssetImportWorkerClient::Run
0x00007ff664edc3d7 (Unity) RunAssetImportWorkerClientV2
0x00007ff664edc45b (Unity) RunAssetImporterV2
0x00007ff6646d31de (Unity) Application::InitializeProject
0x00007ff664b68795 (Unity) WinMain
0x00007ff665f335ce (Unity) __scrt_common_main_seh
0x00007ffa8b87e8d7 (KERNEL32) BaseThreadInitThunk
0x00007ffa8c1714fc (ntdll) RtlUserThreadStart
Unloading 3198 Unused Serialized files (Serialized files now loaded: 0)
Unloading 20 unused Assets / (87.9 KB). Loaded Objects now: 3722.
Memory consumption went from 126.6 MB to 126.5 MB.
Total: 3.929400 ms (FindLiveObjects: 0.200900 ms CreateObjectMapping: 0.090000 ms MarkObjects: 3.515500 ms  DeleteObjects: 0.113600 ms)

Prepare: number of updated asset objects reloaded= 0
AssetImportParameters requested are different than current active one (requested -> active):
  custom:container-demuxer-ogg: 62fdf1f143b41e24485cea50d1cbac27 -> 
  custom:video-codec-MediaFoundation-h265: 746d11721c4dcdbdad8f713fa42b33f4 -> 
  custom:scripting/monoscript/fileName/ItemMovePoint.cs: ff52921ae6937f8965c78ce455f02a45 -> c03e21b48d8232d138b1bd38de84b66d
  custom:scripting/monoscript/fileName/ItemSpawner.cs: 92045f06283e5fac7a51d4599cbc922b -> 
  custom:video-decoder-ogg-theora: a1e56fd34408186e4bbccfd4996cb3dc -> 
  custom:scripting/monoscript/fileName/Items.cs: 7f1da6f3d1204b8546c16dd188ba5afe -> 99b9cbde73147a490b93afc081f853a4
  custom:scripting/monoscript/fileName/InputService.cs: 87f436565a3b7043d2026e1b135cc169 -> 2128ed2918f0ad10e3416ef833339354
  custom:framework-win-MediaFoundation: 216162199b28c13a410421893ffa2e32 -> 
  custom:scripting/monoscript/fileName/ILoadable.cs: 600a5875a2ca8dcec761bcd40c218e43 -> ef72ffd8975b3d43e9471d6d8ff2626e
  custom:scripting/monoscript/fileName/TreeLoadPlace.cs: 8e8042c5ab8f08395cb275dbaabedf9d -> 364c960a42061b2c309291ccdba3b4c3
  custom:scripting/monoscript/fileName/IInputService.cs: 2a6a3d85558b13eaca46a18223a4d237 -> 0301d2dd067e763158ccdb0ed7eb257d
  custom:scripting/monoscript/fileName/Game.cs: fd4b5a939ecc40b3c81b3a62865fb5d7 -> edba3c7da36a5a0b6e91802eaf42c284
  custom:scripting/monoscript/fileName/ForckiftMover.cs: 06bd4506163d4326b38048463f228f22 -> d51007b2fbb7e264f32f65cc6e495cec
  custom:CustomObjectIndexerAttribute: 9a22284fe3817be447336de3de66b15e -> 
  custom:container-demuxer-webm: 4f35f7cbe854078d1ac9338744f61a02 -> 
  custom:scripting/monoscript/fileName/MoneyUnloadPlace.cs: f6df466d19d2498b69ad041bbafe0f35 -> 092b64e2769d98a15e77e59b03808d48
  custom:scripting/monoscript/fileName/StandaloneInputService.cs: 102b1e766ebc21fcfbf5bef53d484566 -> bb3bdec1bebef494a4441fb2066e411c
  custom:scripting/monoscript/fileName/CameraFollow.cs: fcf2341a55105adc6c324172cb5e2da1 -> 9b150ee781d2c96881d6021398a5e296
  custom:container-muxer-webm: aa71ff27fc2769a1b78a27578f13a17b -> 
  custom:video-decoder-webm-vp8: 9c59270c3fd7afecdb556c50c9e8de78 -> 
  custom:scripting/monoscript/fileName/MoneyMovePoint.cs: 4e5eda59e147e9957e39cc1924777e7a -> afc6527fba8601aaf178c206ca9478e0
  custom:SearchIndexIgnoredProperties: e643bd26f0fe6173181afceb89e7c659 -> 
  custom:scripting/monoscript/fileName/ItemMovePoints.cs: bae54de1e660887da2f15ed95fa2b0e3 -> 
  custom:AudioImporter_EditorPlatform: d09bf68614088b80899f8185d706f6e7 -> 
  custom:scripting/monoscript/fileName/GameBootstrapper.cs: eff1514233847b073511d44c314e60a3 -> b17fe78b39a8f58800ac7c292f9c681f
  custom:scripting/monoscript/fileName/MobileInputService.cs: 188a8c987792af012f30b8a8ebf6b65a -> 0f98dcfbb8fdc44b32699ddc2cfb89e5
  custom:scripting/monoscript/fileName/TreeUnloadPlace.cs: f64b9f9c3966e09c52182d353aee9eb1 -> 0589d61a6cb0cd46b45b0fc94fbb9a0c
  custom:scripting/monoscript/fileName/IPoint.cs: 59be0478f5a4c8d560bd5a628052f2d1 -> 1aa54abf6de0ae1895f103861960127e
  custom:scripting/monoscript/fileName/IAnimationStateReader.cs: c250ddb5ad111cbd689d6ed128dd6877 -> 3909dc4109539a45c984529319aeb04f
  custom:video-encoder-webm-vp8: eb34c28f22e8b96e1ab97ce403110664 -> 
  custom:scripting/monoscript/fileName/AnimatorStateReporter.cs: f710a6d69fb62f72e14877c38f5cd79b -> c3bcb364bab3778783e0551ce0e263b7
  custom:audio-decoder-ogg-vorbis: bf7c407c2cedff20999df2af8eb42d56 -> 
  custom:scripting/monoscript/fileName/ItemMover.cs: d120bfca97eb8af438f04bb4830933a2 -> 78e0a6ce1ecf49447b76a397dfe3739e
  custom:scripting/monoscript/fileName/Item.cs: c2b7fc65fe255f985743270ca947d8ec -> edfd25bbe8f561e55c7415f9c3adacfe
  custom:scripting/monoscript/fileName/IItems.cs: b4496eafcaf963a29685b1703698cc12 -> 8a701fe45e931dd773887a61c09f0be5
  custom:scripting/monoscript/fileName/MoneyLoadPlace.cs: 68cedd9c71614b1bb23eff057f6c3ae2 -> c2d7251bca011d69412f191cec0168dd
  custom:scripting/monoscript/fileName/IItem.cs: b1e073ed590ff871beaa01c062e2afe6 -> e1dde52919a03e2a2a3afb0440db05c2
  custom:audio-encoder-webm-vorbis: bf7c407c2cedff20999df2af8eb42d56 -> 
  custom:scripting/monoscript/fileName/Constants.cs: 6f57ec824f7908db879665f17b45218a -> bc3c2c826abc694bb14e0b1aa933089b
  custom:scripting/precompiled-assembly-types:Assembly-CSharp: 0b93ff396aabcb7418d9ac2bba25cd3f -> 98f1615f411f1abe470bab5725be6cc9
  custom:scripting/monoscript/fileName/IUnloadable.cs: a547a56482b7ab37d34b82ae1cdbe505 -> 13a72fc76ed7645e00d20796c8f64cac
